# JRE version: Java(TM) SE Runtime Environment (8.0_65-b17) (build 1.8.0_65-b17)
# Java VM: Java HotSpot(TM) 64-Bit Server VM (25.65-b01 mixed mode windows-amd64 compressed oops)
Heap:
 PSYoungGen      total 513024K, used 138955K [0x00000000d5f00000, 0x00000000fd180000, 0x0000000100000000)
  eden space 402944K, 20% used [0x00000000d5f00000,0x00000000daf10420,0x00000000ee880000)
  from space 110080K, 51% used [0x00000000f6600000,0x00000000f9da2858,0x00000000fd180000)
  to   space 119296K, 0% used [0x00000000ee880000,0x00000000ee880000,0x00000000f5d00000)
 ParOldGen       total 168960K, used 149475K [0x0000000081c00000, 0x000000008c100000, 0x00000000d5f00000)
  object space 168960K, 88% used [0x0000000081c00000,0x000000008adf8e38,0x000000008c100000)
 Metaspace       used 40985K, capacity 41343K, committed 41728K, reserved 1085440K
  class space    used 4678K, capacity 4820K, committed 4864K, reserved 1048576K
GC Heap History (10 events):
Event: 215.775 GC heap before
{Heap before GC invocations=36 (full 6):
 PSYoungGen      total 446976K, used 446951K [0x00000000d5f00000, 0x00000000fb780000, 0x0000000100000000)
  eden space 342016K, 100% used [0x00000000d5f00000,0x00000000ead00000,0x00000000ead00000)
  from space 104960K, 99% used [0x00000000ead00000,0x00000000f1379e88,0x00000000f1380000)
  to   space 122368K, 0% used [0x00000000f4000000,0x00000000f4000000,0x00000000fb780000)
 ParOldGen       total 168960K, used 149451K [0x0000000081c00000, 0x000000008c100000, 0x00000000d5f00000)
  object space 168960K, 88% used [0x0000000081c00000,0x000000008adf2e38,0x000000008c100000)
 Metaspace       used 40922K, capacity 41279K, committed 41728K, reserved 1085440K
  class space    used 4678K, capacity 4820K, committed 4864K, reserved 1048576K
Event: 215.811 GC heap after
Heap after GC invocations=36 (full 6):
 PSYoungGen      total 489472K, used 74173K [0x00000000d5f00000, 0x00000000fb980000, 0x0000000100000000)
  eden space 367104K, 0% used [0x00000000d5f00000,0x00000000d5f00000,0x00000000ec580000)
  from space 122368K, 60% used [0x00000000f4000000,0x00000000f886f7a8,0x00000000fb780000)
  to   space 124928K, 0% used [0x00000000ec580000,0x00000000ec580000,0x00000000f3f80000)
 ParOldGen       total 168960K, used 149459K [0x0000000081c00000, 0x000000008c100000, 0x00000000d5f00000)
  object space 168960K, 88% used [0x0000000081c00000,0x000000008adf4e38,0x000000008c100000)
 Metaspace       used 40922K, capacity 41279K, committed 41728K, reserved 1085440K
  class space    used 4678K, capacity 4820K, committed 4864K, reserved 1048576K
}
Event: 234.385 GC heap before
{Heap before GC invocations=37 (full 6):
 PSYoungGen      total 489472K, used 441277K [0x00000000d5f00000, 0x00000000fb980000, 0x0000000100000000)
  eden space 367104K, 100% used [0x00000000d5f00000,0x00000000ec580000,0x00000000ec580000)
  from space 122368K, 60% used [0x00000000f4000000,0x00000000f886f7a8,0x00000000fb780000)
  to   space 124928K, 0% used [0x00000000ec580000,0x00000000ec580000,0x00000000f3f80000)
 ParOldGen       total 168960K, used 149459K [0x0000000081c00000, 0x000000008c100000, 0x00000000d5f00000)
  object space 168960K, 88% used [0x0000000081c00000,0x000000008adf4e38,0x000000008c100000)
 Metaspace       used 40926K, capacity 41279K, committed 41728K, reserved 1085440K
  class space    used 4678K, capacity 4820K, committed 4864K, reserved 1048576K
Event: 234.411 GC heap after
Heap after GC invocations=37 (full 6):
 PSYoungGen      total 492032K, used 73810K [0x00000000d5f00000, 0x00000000fd280000, 0x0000000100000000)
  eden space 367104K, 0% used [0x00000000d5f00000,0x00000000d5f00000,0x00000000ec580000)
  from space 124928K, 59% used [0x00000000ec580000,0x00000000f0d94918,0x00000000f3f80000)
  to   space 126464K, 0% used [0x00000000f5700000,0x00000000f5700000,0x00000000fd280000)
 ParOldGen       total 168960K, used 149459K [0x0000000081c00000, 0x000000008c100000, 0x00000000d5f00000)
  object space 168960K, 88% used [0x0000000081c00000,0x000000008adf4e38,0x000000008c100000)
 Metaspace       used 40926K, capacity 41279K, committed 41728K, reserved 1085440K
  class space    used 4678K, capacity 4820K, committed 4864K, reserved 1048576K
}
Event: 249.296 GC heap before
{Heap before GC invocations=38 (full 6):
 PSYoungGen      total 492032K, used 440914K [0x00000000d5f00000, 0x00000000fd280000, 0x0000000100000000)
  eden space 367104K, 100% used [0x00000000d5f00000,0x00000000ec580000,0x00000000ec580000)
  from space 124928K, 59% used [0x00000000ec580000,0x00000000f0d94918,0x00000000f3f80000)
  to   space 126464K, 0% used [0x00000000f5700000,0x00000000f5700000,0x00000000fd280000)
 ParOldGen       total 168960K, used 149459K [0x0000000081c00000, 0x000000008c100000, 0x00000000d5f00000)
  object space 168960K, 88% used [0x0000000081c00000,0x000000008adf4e38,0x000000008c100000)
 Metaspace       used 40938K, capacity 41279K, committed 41728K, reserved 1085440K
  class space    used 4678K, capacity 4820K, committed 4864K, reserved 1048576K
Event: 249.323 GC heap after
Heap after GC invocations=38 (full 6):
 PSYoungGen      total 510976K, used 73970K [0x00000000d5f00000, 0x00000000fd080000, 0x0000000100000000)
  eden space 386560K, 0% used [0x00000000d5f00000,0x00000000d5f00000,0x00000000ed880000)
  from space 124416K, 59% used [0x00000000f5700000,0x00000000f9f3c8f0,0x00000000fd080000)
  to   space 126976K, 0% used [0x00000000ed880000,0x00000000ed880000,0x00000000f5480000)
 ParOldGen       total 168960K, used 149467K [0x0000000081c00000, 0x000000008c100000, 0x00000000d5f00000)
  object space 168960K, 88% used [0x0000000081c00000,0x000000008adf6e38,0x000000008c100000)
 Metaspace       used 40938K, capacity 41279K, committed 41728K, reserved 1085440K
  class space    used 4678K, capacity 4820K, committed 4864K, reserved 1048576K
}
Event: 256.852 GC heap before
{Heap before GC invocations=39 (full 6):
 PSYoungGen      total 510976K, used 460530K [0x00000000d5f00000, 0x00000000fd080000, 0x0000000100000000)
  eden space 386560K, 100% used [0x00000000d5f00000,0x00000000ed880000,0x00000000ed880000)
  from space 124416K, 59% used [0x00000000f5700000,0x00000000f9f3c8f0,0x00000000fd080000)
  to   space 126976K, 0% used [0x00000000ed880000,0x00000000ed880000,0x00000000f5480000)
 ParOldGen       total 168960K, used 149467K [0x0000000081c00000, 0x000000008c100000, 0x00000000d5f00000)
  object space 168960K, 88% used [0x0000000081c00000,0x000000008adf6e38,0x000000008c100000)
 Metaspace       used 40972K, capacity 41343K, committed 41728K, reserved 1085440K
  class space    used 4678K, capacity 4820K, committed 4864K, reserved 1048576K
Event: 256.879 GC heap after
Heap after GC invocations=39 (full 6):
 PSYoungGen      total 513536K, used 70405K [0x00000000d5f00000, 0x00000000fe100000, 0x0000000100000000)
  eden space 386560K, 0% used [0x00000000d5f00000,0x00000000d5f00000,0x00000000ed880000)
  from space 126976K, 55% used [0x00000000ed880000,0x00000000f1d41598,0x00000000f5480000)
  to   space 125952K, 0% used [0x00000000f6600000,0x00000000f6600000,0x00000000fe100000)
 ParOldGen       total 168960K, used 149475K [0x0000000081c00000, 0x000000008c100000, 0x00000000d5f00000)
  object space 168960K, 88% used [0x0000000081c00000,0x000000008adf8e38,0x000000008c100000)
 Metaspace       used 40972K, capacity 41343K, committed 41728K, reserved 1085440K
  class space    used 4678K, capacity 4820K, committed 4864K, reserved 1048576K
}
Event: 272.961 GC heap before
{Heap before GC invocations=40 (full 6):
 PSYoungGen      total 513536K, used 456965K [0x00000000d5f00000, 0x00000000fe100000, 0x0000000100000000)
  eden space 386560K, 100% used [0x00000000d5f00000,0x00000000ed880000,0x00000000ed880000)
  from space 126976K, 55% used [0x00000000ed880000,0x00000000f1d41598,0x00000000f5480000)
  to   space 125952K, 0% used [0x00000000f6600000,0x00000000f6600000,0x00000000fe100000)
 ParOldGen       total 168960K, used 149475K [0x0000000081c00000, 0x000000008c100000, 0x00000000d5f00000)
  object space 168960K, 88% used [0x0000000081c00000,0x000000008adf8e38,0x000000008c100000)
 Metaspace       used 40985K, capacity 41343K, committed 41728K, reserved 1085440K
  class space    used 4678K, capacity 4820K, committed 4864K, reserved 1048576K
Event: 272.987 GC heap after
Heap after GC invocations=40 (full 6):
 PSYoungGen      total 513024K, used 56970K [0x00000000d5f00000, 0x00000000fd180000, 0x0000000100000000)
  eden space 402944K, 0% used [0x00000000d5f00000,0x00000000d5f00000,0x00000000ee880000)
  from space 110080K, 51% used [0x00000000f6600000,0x00000000f9da2858,0x00000000fd180000)
  to   space 119296K, 0% used [0x00000000ee880000,0x00000000ee880000,0x00000000f5d00000)
 ParOldGen       total 168960K, used 149475K [0x0000000081c00000, 0x000000008c100000, 0x00000000d5f00000)
  object space 168960K, 88% used [0x0000000081c00000,0x000000008adf8e38,0x000000008c100000)
 Metaspace       used 40985K, capacity 41343K, committed 41728K, reserved 1085440K
  class space    used 4678K, capacity 4820K, committed 4864K, reserved 1048576K
}

